<?xml version="1.0" encoding="UTF-8"?>
<testng-results ignored="0" total="1" passed="1" failed="0" skipped="0">
  <reporter-output>
  </reporter-output>
  <suite started-at="2022-06-17T16:43:37 IST" name="Default suite" finished-at="2022-06-17T16:43:48 IST" duration-ms="11040">
    <groups>
    </groups>
    <test started-at="2022-06-17T16:43:37 IST" name="Default test" finished-at="2022-06-17T16:43:48 IST" duration-ms="11040">
      <class name="com.selenium.FirstTest">
        <test-method is-config="true" signature="beforeTest()[pri:0, instance:com.selenium.FirstTest@6404f418]" started-at="2022-06-17T16:43:37 IST" name="beforeTest" finished-at="2022-06-17T16:43:45 IST" duration-ms="8211" status="PASS">
          <reporter-output>
          </reporter-output>
        </test-method> <!-- beforeTest -->
        <test-method signature="launchfacebook()[pri:0, instance:com.selenium.FirstTest@6404f418]" started-at="2022-06-17T16:43:45 IST" name="launchfacebook" finished-at="2022-06-17T16:43:48 IST" duration-ms="2548" status="PASS">
          <reporter-output>
          </reporter-output>
        </test-method> <!-- launchfacebook -->
        <test-method is-config="true" signature="afterMethod()[pri:0, instance:com.selenium.FirstTest@6404f418]" started-at="2022-06-17T16:43:48 IST" name="afterMethod" finished-at="2022-06-17T16:43:48 IST" duration-ms="230" status="PASS">
          <reporter-output>
          </reporter-output>
        </test-method> <!-- afterMethod -->
      </class> <!-- com.selenium.FirstTest -->
    </test> <!-- Default test -->
  </suite> <!-- Default suite -->
</testng-results>
